<?xml version="1.0" encoding="UTF-8"?>
<testng-results ignored="0" total="1" passed="1" failed="0" skipped="0">
  <reporter-output>
  </reporter-output>
  <suite started-at="2022-01-02T21:08:39 EET" name="Default suite" finished-at="2022-01-02T21:08:57 EET" duration-ms="18472">
    <groups>
    </groups>
    <test started-at="2022-01-02T21:08:39 EET" name="Default test" finished-at="2022-01-02T21:08:57 EET" duration-ms="18472">
      <class name="Tests.GoogleSearchTestCases">
        <test-method is-config="true" signature="intitiateTestCases()[pri:0, instance:Tests.GoogleSearchTestCases@12468a38]" started-at="2022-01-02T21:08:29 EET" name="intitiateTestCases" finished-at="2022-01-02T21:08:39 EET" duration-ms="9220" status="PASS">
          <reporter-output>
          </reporter-output>
        </test-method> <!-- intitiateTestCases -->
        <test-method signature="googleSearchTest_TC01()[pri:0, instance:Tests.GoogleSearchTestCases@12468a38]" started-at="2022-01-02T21:08:39 EET" name="googleSearchTest_TC01" finished-at="2022-01-02T21:08:57 EET" duration-ms="18423" status="PASS">
          <reporter-output>
          </reporter-output>
        </test-method> <!-- googleSearchTest_TC01 -->
        <test-method is-config="true" signature="finalizeTest()[pri:0, instance:Tests.GoogleSearchTestCases@12468a38]" started-at="2022-01-02T21:08:57 EET" name="finalizeTest" finished-at="2022-01-02T21:08:58 EET" duration-ms="722" status="PASS">
          <reporter-output>
          </reporter-output>
        </test-method> <!-- finalizeTest -->
      </class> <!-- Tests.GoogleSearchTestCases -->
    </test> <!-- Default test -->
  </suite> <!-- Default suite -->
</testng-results>
